<?xml version="1.0" encoding="UTF-8"?>
<!-- Generated by org.testng.reporters.JUnitXMLReporter -->
<testsuite hostname="del1-lhp-N61396" ignored="0" name="Test" tests="3" failures="0" timestamp="21 Sep 2020 20:48:13 GMT" time="30.133" errors="0">
  <testcase name="@BeforeTest startDockerScale" time="30.06" classname="remoteTesting.dockerValidation.chromeTest1">
    <failure type="junit.framework.AssertionFailedError">
      <![CDATA[junit.framework.AssertionFailedError
	at junit.framework.Assert.fail(Assert.java:55)
	at junit.framework.Assert.assertTrue(Assert.java:22)
	at junit.framework.Assert.assertTrue(Assert.java:31)
	at remoteTesting.dockerValidation.startDocker.startFile(startDocker.java:56)
	at remoteTesting.dockerValidation.chromeTest1.startDockerScale(chromeTest1.java:27)
... Removed 23 stack frames]]>
    </failure>
  </testcase> <!-- @BeforeTest startDockerScale -->
  <testcase name="@AfterTest stopDockerDeleteFile" time="0.0" classname="remoteTesting.dockerValidation.chromeTest1">
    <skipped/>
  </testcase> <!-- @AfterTest stopDockerDeleteFile -->
  <testcase name="test2" time="0.0" classname="remoteTesting.dockerValidation.chromeTest2">
    <skipped/>
  </testcase> <!-- test2 -->
  <testcase name="test1" time="0.0" classname="remoteTesting.dockerValidation.chromeTest1">
    <skipped/>
  </testcase> <!-- test1 -->
  <testcase name="test3" time="0.0" classname="remoteTesting.dockerValidation.chromeTest3">
    <skipped/>
  </testcase> <!-- test3 -->
</testsuite> <!-- Test -->
